2026/02/25 11:30:21 Received {c0 n0 {"type":"init","node_id":"n0","node_ids":["n0"],"msg_id":1}}
2026/02/25 11:30:21 Node n0 initialized
2026/02/25 11:30:21 Sent {"src":"n0","dest":"c0","body":{"in_reply_to":1,"type":"init_ok"}}
2026/02/25 11:30:21 Received {c2 n0 {"echo":"Please echo 120","type":"echo","msg_id":1}}
2026/02/25 11:30:21 Sent {"src":"n0","dest":"c2","body":{"echo":"Please echo 120","in_reply_to":1,"msg_id":1,"type":"echo_ok"}}
2026/02/25 11:30:22 Received {c2 n0 {"echo":"Please echo 105","type":"echo","msg_id":2}}
2026/02/25 11:30:22 Sent {"src":"n0","dest":"c2","body":{"echo":"Please echo 105","in_reply_to":2,"msg_id":2,"type":"echo_ok"}}
2026/02/25 11:30:22 Received {c2 n0 {"echo":"Please echo 90","type":"echo","msg_id":3}}
2026/02/25 11:30:22 Sent {"src":"n0","dest":"c2","body":{"echo":"Please echo 90","in_reply_to":3,"msg_id":3,"type":"echo_ok"}}
2026/02/25 11:30:22 Received {c2 n0 {"echo":"Please echo 105","type":"echo","msg_id":4}}
2026/02/25 11:30:22 Sent {"src":"n0","dest":"c2","body":{"echo":"Please echo 105","in_reply_to":4,"msg_id":4,"type":"echo_ok"}}
2026/02/25 11:30:23 Received {c2 n0 {"echo":"Please echo 45","type":"echo","msg_id":5}}
2026/02/25 11:30:23 Sent {"src":"n0","dest":"c2","body":{"echo":"Please echo 45","in_reply_to":5,"msg_id":5,"type":"echo_ok"}}
2026/02/25 11:30:23 Received {c2 n0 {"echo":"Please echo 127","type":"echo","msg_id":6}}
2026/02/25 11:30:23 Sent {"src":"n0","dest":"c2","body":{"echo":"Please echo 127","in_reply_to":6,"msg_id":6,"type":"echo_ok"}}
2026/02/25 11:30:23 Received {c2 n0 {"echo":"Please echo 14","type":"echo","msg_id":7}}
2026/02/25 11:30:23 Sent {"src":"n0","dest":"c2","body":{"echo":"Please echo 14","in_reply_to":7,"msg_id":7,"type":"echo_ok"}}
2026/02/25 11:30:24 Received {c2 n0 {"echo":"Please echo 3","type":"echo","msg_id":8}}
2026/02/25 11:30:24 Sent {"src":"n0","dest":"c2","body":{"echo":"Please echo 3","in_reply_to":8,"msg_id":8,"type":"echo_ok"}}
2026/02/25 11:30:24 Received {c2 n0 {"echo":"Please echo 49","type":"echo","msg_id":9}}
2026/02/25 11:30:24 Sent {"src":"n0","dest":"c2","body":{"echo":"Please echo 49","in_reply_to":9,"msg_id":9,"type":"echo_ok"}}
2026/02/25 11:30:24 Received {c2 n0 {"echo":"Please echo 78","type":"echo","msg_id":10}}
2026/02/25 11:30:24 Sent {"src":"n0","dest":"c2","body":{"echo":"Please echo 78","in_reply_to":10,"msg_id":10,"type":"echo_ok"}}
2026/02/25 11:30:24 Received {c2 n0 {"echo":"Please echo 73","type":"echo","msg_id":11}}
2026/02/25 11:30:24 Sent {"src":"n0","dest":"c2","body":{"echo":"Please echo 73","in_reply_to":11,"msg_id":11,"type":"echo_ok"}}
2026/02/25 11:30:24 Received {c2 n0 {"echo":"Please echo 103","type":"echo","msg_id":12}}
2026/02/25 11:30:24 Sent {"src":"n0","dest":"c2","body":{"echo":"Please echo 103","in_reply_to":12,"msg_id":12,"type":"echo_ok"}}
2026/02/25 11:30:24 Received {c2 n0 {"echo":"Please echo 120","type":"echo","msg_id":13}}
2026/02/25 11:30:24 Sent {"src":"n0","dest":"c2","body":{"echo":"Please echo 120","in_reply_to":13,"msg_id":13,"type":"echo_ok"}}
2026/02/25 11:30:25 Received {c2 n0 {"echo":"Please echo 18","type":"echo","msg_id":14}}
2026/02/25 11:30:25 Sent {"src":"n0","dest":"c2","body":{"echo":"Please echo 18","in_reply_to":14,"msg_id":14,"type":"echo_ok"}}
2026/02/25 11:30:25 Received {c2 n0 {"echo":"Please echo 70","type":"echo","msg_id":15}}
2026/02/25 11:30:25 Sent {"src":"n0","dest":"c2","body":{"echo":"Please echo 70","in_reply_to":15,"msg_id":15,"type":"echo_ok"}}
2026/02/25 11:30:25 Received {c2 n0 {"echo":"Please echo 122","type":"echo","msg_id":16}}
2026/02/25 11:30:25 Sent {"src":"n0","dest":"c2","body":{"echo":"Please echo 122","in_reply_to":16,"msg_id":16,"type":"echo_ok"}}
2026/02/25 11:30:25 Received {c2 n0 {"echo":"Please echo 96","type":"echo","msg_id":17}}
2026/02/25 11:30:25 Sent {"src":"n0","dest":"c2","body":{"echo":"Please echo 96","in_reply_to":17,"msg_id":17,"type":"echo_ok"}}
2026/02/25 11:30:25 Received {c2 n0 {"echo":"Please echo 7","type":"echo","msg_id":18}}
2026/02/25 11:30:25 Sent {"src":"n0","dest":"c2","body":{"echo":"Please echo 7","in_reply_to":18,"msg_id":18,"type":"echo_ok"}}
2026/02/25 11:30:26 Received {c2 n0 {"echo":"Please echo 39","type":"echo","msg_id":19}}
2026/02/25 11:30:26 Sent {"src":"n0","dest":"c2","body":{"echo":"Please echo 39","in_reply_to":19,"msg_id":19,"type":"echo_ok"}}
2026/02/25 11:30:26 Received {c2 n0 {"echo":"Please echo 68","type":"echo","msg_id":20}}
2026/02/25 11:30:26 Sent {"src":"n0","dest":"c2","body":{"echo":"Please echo 68","in_reply_to":20,"msg_id":20,"type":"echo_ok"}}
2026/02/25 11:30:26 Received {c2 n0 {"echo":"Please echo 98","type":"echo","msg_id":21}}
2026/02/25 11:30:26 Sent {"src":"n0","dest":"c2","body":{"echo":"Please echo 98","in_reply_to":21,"msg_id":21,"type":"echo_ok"}}
2026/02/25 11:30:26 Received {c2 n0 {"echo":"Please echo 16","type":"echo","msg_id":22}}
2026/02/25 11:30:26 Sent {"src":"n0","dest":"c2","body":{"echo":"Please echo 16","in_reply_to":22,"msg_id":22,"type":"echo_ok"}}
2026/02/25 11:30:26 Received {c2 n0 {"echo":"Please echo 36","type":"echo","msg_id":23}}
2026/02/25 11:30:26 Sent {"src":"n0","dest":"c2","body":{"echo":"Please echo 36","in_reply_to":23,"msg_id":23,"type":"echo_ok"}}
2026/02/25 11:30:27 Received {c2 n0 {"echo":"Please echo 25","type":"echo","msg_id":24}}
2026/02/25 11:30:27 Sent {"src":"n0","dest":"c2","body":{"echo":"Please echo 25","in_reply_to":24,"msg_id":24,"type":"echo_ok"}}
2026/02/25 11:30:27 Received {c2 n0 {"echo":"Please echo 32","type":"echo","msg_id":25}}
2026/02/25 11:30:27 Sent {"src":"n0","dest":"c2","body":{"echo":"Please echo 32","in_reply_to":25,"msg_id":25,"type":"echo_ok"}}
2026/02/25 11:30:27 Received {c2 n0 {"echo":"Please echo 115","type":"echo","msg_id":26}}
2026/02/25 11:30:27 Sent {"src":"n0","dest":"c2","body":{"echo":"Please echo 115","in_reply_to":26,"msg_id":26,"type":"echo_ok"}}
2026/02/25 11:30:27 Received {c2 n0 {"echo":"Please echo 15","type":"echo","msg_id":27}}
2026/02/25 11:30:27 Sent {"src":"n0","dest":"c2","body":{"echo":"Please echo 15","in_reply_to":27,"msg_id":27,"type":"echo_ok"}}
2026/02/25 11:30:27 Received {c2 n0 {"echo":"Please echo 96","type":"echo","msg_id":28}}
2026/02/25 11:30:27 Sent {"src":"n0","dest":"c2","body":{"echo":"Please echo 96","in_reply_to":28,"msg_id":28,"type":"echo_ok"}}
2026/02/25 11:30:27 Received {c2 n0 {"echo":"Please echo 41","type":"echo","msg_id":29}}
2026/02/25 11:30:27 Sent {"src":"n0","dest":"c2","body":{"echo":"Please echo 41","in_reply_to":29,"msg_id":29,"type":"echo_ok"}}
2026/02/25 11:30:27 Received {c2 n0 {"echo":"Please echo 26","type":"echo","msg_id":30}}
2026/02/25 11:30:27 Sent {"src":"n0","dest":"c2","body":{"echo":"Please echo 26","in_reply_to":30,"msg_id":30,"type":"echo_ok"}}
2026/02/25 11:30:28 Received {c2 n0 {"echo":"Please echo 84","type":"echo","msg_id":31}}
2026/02/25 11:30:28 Sent {"src":"n0","dest":"c2","body":{"echo":"Please echo 84","in_reply_to":31,"msg_id":31,"type":"echo_ok"}}
2026/02/25 11:30:28 Received {c2 n0 {"echo":"Please echo 56","type":"echo","msg_id":32}}
2026/02/25 11:30:28 Sent {"src":"n0","dest":"c2","body":{"echo":"Please echo 56","in_reply_to":32,"msg_id":32,"type":"echo_ok"}}
2026/02/25 11:30:28 Received {c2 n0 {"echo":"Please echo 95","type":"echo","msg_id":33}}
2026/02/25 11:30:28 Sent {"src":"n0","dest":"c2","body":{"echo":"Please echo 95","in_reply_to":33,"msg_id":33,"type":"echo_ok"}}
2026/02/25 11:30:28 Received {c2 n0 {"echo":"Please echo 121","type":"echo","msg_id":34}}
2026/02/25 11:30:28 Sent {"src":"n0","dest":"c2","body":{"echo":"Please echo 121","in_reply_to":34,"msg_id":34,"type":"echo_ok"}}
2026/02/25 11:30:28 Received {c2 n0 {"echo":"Please echo 116","type":"echo","msg_id":35}}
2026/02/25 11:30:28 Sent {"src":"n0","dest":"c2","body":{"echo":"Please echo 116","in_reply_to":35,"msg_id":35,"type":"echo_ok"}}
2026/02/25 11:30:28 Received {c2 n0 {"echo":"Please echo 96","type":"echo","msg_id":36}}
2026/02/25 11:30:28 Sent {"src":"n0","dest":"c2","body":{"echo":"Please echo 96","in_reply_to":36,"msg_id":36,"type":"echo_ok"}}
2026/02/25 11:30:29 Received {c2 n0 {"echo":"Please echo 37","type":"echo","msg_id":37}}
2026/02/25 11:30:29 Sent {"src":"n0","dest":"c2","body":{"echo":"Please echo 37","in_reply_to":37,"msg_id":37,"type":"echo_ok"}}
2026/02/25 11:30:29 Received {c2 n0 {"echo":"Please echo 34","type":"echo","msg_id":38}}
2026/02/25 11:30:29 Sent {"src":"n0","dest":"c2","body":{"echo":"Please echo 34","in_reply_to":38,"msg_id":38,"type":"echo_ok"}}
2026/02/25 11:30:29 Received {c2 n0 {"echo":"Please echo 112","type":"echo","msg_id":39}}
2026/02/25 11:30:29 Sent {"src":"n0","dest":"c2","body":{"echo":"Please echo 112","in_reply_to":39,"msg_id":39,"type":"echo_ok"}}
2026/02/25 11:30:29 Received {c2 n0 {"echo":"Please echo 12","type":"echo","msg_id":40}}
2026/02/25 11:30:29 Sent {"src":"n0","dest":"c2","body":{"echo":"Please echo 12","in_reply_to":40,"msg_id":40,"type":"echo_ok"}}
2026/02/25 11:30:29 Received {c2 n0 {"echo":"Please echo 73","type":"echo","msg_id":41}}
2026/02/25 11:30:29 Sent {"src":"n0","dest":"c2","body":{"echo":"Please echo 73","in_reply_to":41,"msg_id":41,"type":"echo_ok"}}
2026/02/25 11:30:30 Received {c2 n0 {"echo":"Please echo 98","type":"echo","msg_id":42}}
2026/02/25 11:30:30 Sent {"src":"n0","dest":"c2","body":{"echo":"Please echo 98","in_reply_to":42,"msg_id":42,"type":"echo_ok"}}
2026/02/25 11:30:30 Received {c2 n0 {"echo":"Please echo 51","type":"echo","msg_id":43}}
2026/02/25 11:30:30 Sent {"src":"n0","dest":"c2","body":{"echo":"Please echo 51","in_reply_to":43,"msg_id":43,"type":"echo_ok"}}
2026/02/25 11:30:30 Received {c2 n0 {"echo":"Please echo 103","type":"echo","msg_id":44}}
2026/02/25 11:30:30 Sent {"src":"n0","dest":"c2","body":{"echo":"Please echo 103","in_reply_to":44,"msg_id":44,"type":"echo_ok"}}
2026/02/25 11:30:30 Received {c2 n0 {"echo":"Please echo 101","type":"echo","msg_id":45}}
2026/02/25 11:30:30 Sent {"src":"n0","dest":"c2","body":{"echo":"Please echo 101","in_reply_to":45,"msg_id":45,"type":"echo_ok"}}
2026/02/25 11:30:30 Received {c2 n0 {"echo":"Please echo 45","type":"echo","msg_id":46}}
2026/02/25 11:30:30 Sent {"src":"n0","dest":"c2","body":{"echo":"Please echo 45","in_reply_to":46,"msg_id":46,"type":"echo_ok"}}
2026/02/25 11:30:31 Received {c2 n0 {"echo":"Please echo 99","type":"echo","msg_id":47}}
2026/02/25 11:30:31 Sent {"src":"n0","dest":"c2","body":{"echo":"Please echo 99","in_reply_to":47,"msg_id":47,"type":"echo_ok"}}
2026/02/25 11:30:31 Received {c2 n0 {"echo":"Please echo 108","type":"echo","msg_id":48}}
2026/02/25 11:30:31 Sent {"src":"n0","dest":"c2","body":{"echo":"Please echo 108","in_reply_to":48,"msg_id":48,"type":"echo_ok"}}
2026/02/25 11:30:31 Received {c2 n0 {"echo":"Please echo 36","type":"echo","msg_id":49}}
2026/02/25 11:30:31 Sent {"src":"n0","dest":"c2","body":{"echo":"Please echo 36","in_reply_to":49,"msg_id":49,"type":"echo_ok"}}
2026/02/25 11:30:31 Received {c2 n0 {"echo":"Please echo 22","type":"echo","msg_id":50}}
2026/02/25 11:30:31 Sent {"src":"n0","dest":"c2","body":{"echo":"Please echo 22","in_reply_to":50,"msg_id":50,"type":"echo_ok"}}
2026/02/25 11:30:31 Received {c2 n0 {"echo":"Please echo 2","type":"echo","msg_id":51}}
2026/02/25 11:30:31 Sent {"src":"n0","dest":"c2","body":{"echo":"Please echo 2","in_reply_to":51,"msg_id":51,"type":"echo_ok"}}
