2026-02-25 10:53:21,409{GMT}	INFO	[jepsen test runner] jepsen.core: Command line:
lein run test -w echo --bin /Users/huannguyen/go/bin/maelstrom-echo --node-count 1 --time-limit 10
2026-02-25 10:53:21,430{GMT}	INFO	[jepsen test runner] jepsen.core: Running test:
{:args []
 :remote
 #jepsen.control.retry.Remote{:remote #jepsen.control.scp.Remote{:cmd-remote #jepsen.control.sshj.SSHJRemote{:concurrency-limit 6,
                                                                                                             :conn-spec nil,
                                                                                                             :client nil,
                                                                                                             :semaphore nil},
                                                                 :conn-spec nil},
                              :conn nil}
 :log-net-send false
 :node-count 1
 :availability nil
 :max-txn-length 4
 :concurrency 1
 :db
 #object[maelstrom.db$db$reify__16142
         "0x4d0d97bb"
         "maelstrom.db$db$reify__16142@4d0d97bb"]
 :max-writes-per-key 16
 :leave-db-running? false
 :name "echo"
 :logging-json? false
 :start-time
 #object[org.joda.time.DateTime "0x7a5c502b" "2026-02-25T10:53:21.389+07:00"]
 :nemesis-interval 10
 :net
 #object[maelstrom.net$jepsen_net$reify__15251
         "0x265d72fd"
         "maelstrom.net$jepsen_net$reify__15251@265d72fd"]
 :client
 #object[maelstrom.workload.echo$client$reify__16863
         "0x37ccedbe"
         "maelstrom.workload.echo$client$reify__16863@37ccedbe"]
 :barrier
 #object[java.util.concurrent.CyclicBarrier
         "0x1129775"
         "java.util.concurrent.CyclicBarrier@1129775"]
 :log-stderr false
 :pure-generators true
 :ssh {:dummy? true}
 :rate 5
 :checker
 #object[jepsen.checker$compose$reify__11881
         "0x19574274"
         "jepsen.checker$compose$reify__11881@19574274"]
 :argv
 ("test"
  "-w"
  "echo"
  "--bin"
  "/Users/huannguyen/go/bin/maelstrom-echo"
  "--node-count"
  "1"
  "--time-limit"
  "10")
 :nemesis
 (jepsen.nemesis.ReflCompose
  {:fm {:start-partition 0,
        :stop-partition 0,
        :kill 1,
        :start 1,
        :pause 1,
        :resume 1},
   :nemeses [#unprintable "jepsen.nemesis.combined$partition_nemesis$reify__16416@54500139"
             #unprintable "jepsen.nemesis.combined$db_nemesis$reify__16397@4a1b710"]})
 :nodes ["n0"]
 :test-count 1
 :latency {:mean 0, :dist :constant}
 :bin "/Users/huannguyen/go/bin/maelstrom-echo"
 :generator
 (jepsen.generator.TimeLimit
  {:limit 10000000000,
   :cutoff nil,
   :gen (jepsen.generator.Any
         {:gens [(jepsen.generator.OnThreads
                  {:f #{:nemesis},
                   :context-filter #object[jepsen.generator.context$make_thread_filter$lazy_filter__9167
                                           "0x69cb296c"
                                           "jepsen.generator.context$make_thread_filter$lazy_filter__9167@69cb296c"],
                   :gen nil})
                 (jepsen.generator.OnThreads
                  {:f #jepsen.generator.context.AllBut{:element :nemesis},
                   :context-filter #object[jepsen.generator.context$make_thread_filter$lazy_filter__9167
                                           "0x3014c46f"
                                           "jepsen.generator.context$make_thread_filter$lazy_filter__9167@3014c46f"],
                   :gen (jepsen.generator.Stagger
                         {:dt 400000000,
                          :next-time nil,
                          :gen (jepsen.generator.EachThread
                                {:fresh-gen #object[maelstrom.workload.echo$workload$fn__16882
                                                    "0x6abd88fe"
                                                    "maelstrom.workload.echo$workload$fn__16882@6abd88fe"],
                                 :context-filters #object[clojure.core$promise$reify__8591
                                                          "0x16337c8e"
                                                          {:status :pending,
                                                           :val nil}],
                                 :gens {}})})})]})})
 :log-net-recv false
 :os
 #object[maelstrom.net$jepsen_os$reify__15254
         "0x2603a76d"
         "maelstrom.net$jepsen_os$reify__15254@2603a76d"]
 :time-limit 10
 :workload :echo
 :consistency-models [:strict-serializable]
 :topology :grid}

2026-02-25 10:53:21,993{GMT}	INFO	[jepsen node n0] maelstrom.net: Starting Maelstrom network
2026-02-25 10:53:21,994{GMT}	INFO	[jepsen test runner] jepsen.db: Tearing down DB
2026-02-25 10:53:21,994{GMT}	INFO	[jepsen test runner] jepsen.db: Setting up DB
2026-02-25 10:53:21,996{GMT}	INFO	[jepsen node n0] maelstrom.service: Starting services: (lin-kv lin-tso lww-kv seq-kv)
2026-02-25 10:53:21,996{GMT}	INFO	[jepsen node n0] maelstrom.db: Setting up n0
2026-02-25 10:53:21,997{GMT}	INFO	[jepsen node n0] maelstrom.process: launching /Users/huannguyen/go/bin/maelstrom-echo []
2026-02-25 10:53:22,013{GMT}	INFO	[jepsen test runner] jepsen.core: Relative time begins now
2026-02-25 10:53:22,020{GMT}	INFO	[jepsen worker 0] jepsen.util: 0	:invoke	:echo	"Please echo 91"
2026-02-25 10:53:22,023{GMT}	INFO	[jepsen worker 0] jepsen.util: 0	:ok	:echo	{:echo "Please echo 91", :in_reply_to 1, :msg_id 1, :type "echo_ok"}
2026-02-25 10:53:22,220{GMT}	INFO	[jepsen worker 0] jepsen.util: 0	:invoke	:echo	"Please echo 118"
2026-02-25 10:53:22,221{GMT}	INFO	[jepsen worker 0] jepsen.util: 0	:ok	:echo	{:echo "Please echo 118", :in_reply_to 2, :msg_id 2, :type "echo_ok"}
2026-02-25 10:53:22,249{GMT}	INFO	[jepsen worker 0] jepsen.util: 0	:invoke	:echo	"Please echo 30"
2026-02-25 10:53:22,249{GMT}	INFO	[jepsen worker 0] jepsen.util: 0	:ok	:echo	{:echo "Please echo 30", :in_reply_to 3, :msg_id 3, :type "echo_ok"}
2026-02-25 10:53:22,494{GMT}	INFO	[jepsen worker 0] jepsen.util: 0	:invoke	:echo	"Please echo 47"
2026-02-25 10:53:22,496{GMT}	INFO	[jepsen worker 0] jepsen.util: 0	:ok	:echo	{:echo "Please echo 47", :in_reply_to 4, :msg_id 4, :type "echo_ok"}
2026-02-25 10:53:22,501{GMT}	INFO	[jepsen worker 0] jepsen.util: 0	:invoke	:echo	"Please echo 30"
2026-02-25 10:53:22,502{GMT}	INFO	[jepsen worker 0] jepsen.util: 0	:ok	:echo	{:echo "Please echo 30", :in_reply_to 5, :msg_id 5, :type "echo_ok"}
2026-02-25 10:53:22,827{GMT}	INFO	[jepsen worker 0] jepsen.util: 0	:invoke	:echo	"Please echo 49"
2026-02-25 10:53:22,831{GMT}	INFO	[jepsen worker 0] jepsen.util: 0	:ok	:echo	{:echo "Please echo 49", :in_reply_to 6, :msg_id 6, :type "echo_ok"}
2026-02-25 10:53:22,931{GMT}	INFO	[jepsen worker 0] jepsen.util: 0	:invoke	:echo	"Please echo 103"
2026-02-25 10:53:22,934{GMT}	INFO	[jepsen worker 0] jepsen.util: 0	:ok	:echo	{:echo "Please echo 103", :in_reply_to 7, :msg_id 7, :type "echo_ok"}
2026-02-25 10:53:23,132{GMT}	INFO	[jepsen worker 0] jepsen.util: 0	:invoke	:echo	"Please echo 5"
2026-02-25 10:53:23,134{GMT}	INFO	[jepsen worker 0] jepsen.util: 0	:ok	:echo	{:echo "Please echo 5", :in_reply_to 8, :msg_id 8, :type "echo_ok"}
2026-02-25 10:53:23,321{GMT}	INFO	[jepsen worker 0] jepsen.util: 0	:invoke	:echo	"Please echo 94"
2026-02-25 10:53:23,324{GMT}	INFO	[jepsen worker 0] jepsen.util: 0	:ok	:echo	{:echo "Please echo 94", :in_reply_to 9, :msg_id 9, :type "echo_ok"}
2026-02-25 10:53:23,573{GMT}	INFO	[jepsen worker 0] jepsen.util: 0	:invoke	:echo	"Please echo 119"
2026-02-25 10:53:23,574{GMT}	INFO	[jepsen worker 0] jepsen.util: 0	:ok	:echo	{:echo "Please echo 119", :in_reply_to 10, :msg_id 10, :type "echo_ok"}
2026-02-25 10:53:23,840{GMT}	INFO	[jepsen worker 0] jepsen.util: 0	:invoke	:echo	"Please echo 89"
2026-02-25 10:53:23,842{GMT}	INFO	[jepsen worker 0] jepsen.util: 0	:ok	:echo	{:echo "Please echo 89", :in_reply_to 11, :msg_id 11, :type "echo_ok"}
2026-02-25 10:53:23,915{GMT}	INFO	[jepsen worker 0] jepsen.util: 0	:invoke	:echo	"Please echo 122"
2026-02-25 10:53:23,917{GMT}	INFO	[jepsen worker 0] jepsen.util: 0	:ok	:echo	{:echo "Please echo 122", :in_reply_to 12, :msg_id 12, :type "echo_ok"}
2026-02-25 10:53:24,235{GMT}	INFO	[jepsen worker 0] jepsen.util: 0	:invoke	:echo	"Please echo 106"
2026-02-25 10:53:24,238{GMT}	INFO	[jepsen worker 0] jepsen.util: 0	:ok	:echo	{:echo "Please echo 106", :in_reply_to 13, :msg_id 13, :type "echo_ok"}
2026-02-25 10:53:24,315{GMT}	INFO	[jepsen worker 0] jepsen.util: 0	:invoke	:echo	"Please echo 87"
2026-02-25 10:53:24,317{GMT}	INFO	[jepsen worker 0] jepsen.util: 0	:ok	:echo	{:echo "Please echo 87", :in_reply_to 14, :msg_id 14, :type "echo_ok"}
2026-02-25 10:53:24,361{GMT}	INFO	[jepsen worker 0] jepsen.util: 0	:invoke	:echo	"Please echo 100"
2026-02-25 10:53:24,362{GMT}	INFO	[jepsen worker 0] jepsen.util: 0	:ok	:echo	{:echo "Please echo 100", :in_reply_to 15, :msg_id 15, :type "echo_ok"}
2026-02-25 10:53:24,497{GMT}	INFO	[jepsen worker 0] jepsen.util: 0	:invoke	:echo	"Please echo 10"
2026-02-25 10:53:24,498{GMT}	INFO	[jepsen worker 0] jepsen.util: 0	:ok	:echo	{:echo "Please echo 10", :in_reply_to 16, :msg_id 16, :type "echo_ok"}
2026-02-25 10:53:24,640{GMT}	INFO	[jepsen worker 0] jepsen.util: 0	:invoke	:echo	"Please echo 74"
2026-02-25 10:53:24,642{GMT}	INFO	[jepsen worker 0] jepsen.util: 0	:ok	:echo	{:echo "Please echo 74", :in_reply_to 17, :msg_id 17, :type "echo_ok"}
2026-02-25 10:53:24,720{GMT}	INFO	[jepsen worker 0] jepsen.util: 0	:invoke	:echo	"Please echo 42"
2026-02-25 10:53:24,721{GMT}	INFO	[jepsen worker 0] jepsen.util: 0	:ok	:echo	{:echo "Please echo 42", :in_reply_to 18, :msg_id 18, :type "echo_ok"}
2026-02-25 10:53:24,887{GMT}	INFO	[jepsen worker 0] jepsen.util: 0	:invoke	:echo	"Please echo 116"
2026-02-25 10:53:24,888{GMT}	INFO	[jepsen worker 0] jepsen.util: 0	:ok	:echo	{:echo "Please echo 116", :in_reply_to 19, :msg_id 19, :type "echo_ok"}
2026-02-25 10:53:24,913{GMT}	INFO	[jepsen worker 0] jepsen.util: 0	:invoke	:echo	"Please echo 94"
2026-02-25 10:53:24,914{GMT}	INFO	[jepsen worker 0] jepsen.util: 0	:ok	:echo	{:echo "Please echo 94", :in_reply_to 20, :msg_id 20, :type "echo_ok"}
2026-02-25 10:53:25,188{GMT}	INFO	[jepsen worker 0] jepsen.util: 0	:invoke	:echo	"Please echo 64"
2026-02-25 10:53:25,189{GMT}	INFO	[jepsen worker 0] jepsen.util: 0	:ok	:echo	{:echo "Please echo 64", :in_reply_to 21, :msg_id 21, :type "echo_ok"}
2026-02-25 10:53:25,412{GMT}	INFO	[jepsen worker 0] jepsen.util: 0	:invoke	:echo	"Please echo 59"
2026-02-25 10:53:25,413{GMT}	INFO	[jepsen worker 0] jepsen.util: 0	:ok	:echo	{:echo "Please echo 59", :in_reply_to 22, :msg_id 22, :type "echo_ok"}
2026-02-25 10:53:25,698{GMT}	INFO	[jepsen worker 0] jepsen.util: 0	:invoke	:echo	"Please echo 45"
2026-02-25 10:53:25,699{GMT}	INFO	[jepsen worker 0] jepsen.util: 0	:ok	:echo	{:echo "Please echo 45", :in_reply_to 23, :msg_id 23, :type "echo_ok"}
2026-02-25 10:53:25,888{GMT}	INFO	[jepsen worker 0] jepsen.util: 0	:invoke	:echo	"Please echo 11"
2026-02-25 10:53:25,889{GMT}	INFO	[jepsen worker 0] jepsen.util: 0	:ok	:echo	{:echo "Please echo 11", :in_reply_to 24, :msg_id 24, :type "echo_ok"}
2026-02-25 10:53:25,955{GMT}	INFO	[jepsen worker 0] jepsen.util: 0	:invoke	:echo	"Please echo 87"
2026-02-25 10:53:25,956{GMT}	INFO	[jepsen worker 0] jepsen.util: 0	:ok	:echo	{:echo "Please echo 87", :in_reply_to 25, :msg_id 25, :type "echo_ok"}
2026-02-25 10:53:26,064{GMT}	INFO	[jepsen worker 0] jepsen.util: 0	:invoke	:echo	"Please echo 65"
2026-02-25 10:53:26,065{GMT}	INFO	[jepsen worker 0] jepsen.util: 0	:ok	:echo	{:echo "Please echo 65", :in_reply_to 26, :msg_id 26, :type "echo_ok"}
2026-02-25 10:53:26,188{GMT}	INFO	[jepsen worker 0] jepsen.util: 0	:invoke	:echo	"Please echo 69"
2026-02-25 10:53:26,189{GMT}	INFO	[jepsen worker 0] jepsen.util: 0	:ok	:echo	{:echo "Please echo 69", :in_reply_to 27, :msg_id 27, :type "echo_ok"}
2026-02-25 10:53:26,254{GMT}	INFO	[jepsen worker 0] jepsen.util: 0	:invoke	:echo	"Please echo 17"
2026-02-25 10:53:26,255{GMT}	INFO	[jepsen worker 0] jepsen.util: 0	:ok	:echo	{:echo "Please echo 17", :in_reply_to 28, :msg_id 28, :type "echo_ok"}
2026-02-25 10:53:26,313{GMT}	INFO	[jepsen worker 0] jepsen.util: 0	:invoke	:echo	"Please echo 123"
2026-02-25 10:53:26,314{GMT}	INFO	[jepsen worker 0] jepsen.util: 0	:ok	:echo	{:echo "Please echo 123", :in_reply_to 29, :msg_id 29, :type "echo_ok"}
2026-02-25 10:53:26,407{GMT}	INFO	[jepsen worker 0] jepsen.util: 0	:invoke	:echo	"Please echo 82"
2026-02-25 10:53:26,408{GMT}	INFO	[jepsen worker 0] jepsen.util: 0	:ok	:echo	{:echo "Please echo 82", :in_reply_to 30, :msg_id 30, :type "echo_ok"}
2026-02-25 10:53:26,738{GMT}	INFO	[jepsen worker 0] jepsen.util: 0	:invoke	:echo	"Please echo 71"
2026-02-25 10:53:26,740{GMT}	INFO	[jepsen worker 0] jepsen.util: 0	:ok	:echo	{:echo "Please echo 71", :in_reply_to 31, :msg_id 31, :type "echo_ok"}
2026-02-25 10:53:26,969{GMT}	INFO	[jepsen worker 0] jepsen.util: 0	:invoke	:echo	"Please echo 118"
2026-02-25 10:53:26,970{GMT}	INFO	[jepsen worker 0] jepsen.util: 0	:ok	:echo	{:echo "Please echo 118", :in_reply_to 32, :msg_id 32, :type "echo_ok"}
2026-02-25 10:53:27,355{GMT}	INFO	[jepsen worker 0] jepsen.util: 0	:invoke	:echo	"Please echo 56"
2026-02-25 10:53:27,357{GMT}	INFO	[jepsen worker 0] jepsen.util: 0	:ok	:echo	{:echo "Please echo 56", :in_reply_to 33, :msg_id 33, :type "echo_ok"}
2026-02-25 10:53:27,395{GMT}	INFO	[jepsen worker 0] jepsen.util: 0	:invoke	:echo	"Please echo 22"
2026-02-25 10:53:27,396{GMT}	INFO	[jepsen worker 0] jepsen.util: 0	:ok	:echo	{:echo "Please echo 22", :in_reply_to 34, :msg_id 34, :type "echo_ok"}
2026-02-25 10:53:27,527{GMT}	INFO	[jepsen worker 0] jepsen.util: 0	:invoke	:echo	"Please echo 27"
2026-02-25 10:53:27,530{GMT}	INFO	[jepsen worker 0] jepsen.util: 0	:ok	:echo	{:echo "Please echo 27", :in_reply_to 35, :msg_id 35, :type "echo_ok"}
2026-02-25 10:53:27,609{GMT}	INFO	[jepsen worker 0] jepsen.util: 0	:invoke	:echo	"Please echo 36"
2026-02-25 10:53:27,611{GMT}	INFO	[jepsen worker 0] jepsen.util: 0	:ok	:echo	{:echo "Please echo 36", :in_reply_to 36, :msg_id 36, :type "echo_ok"}
2026-02-25 10:53:27,968{GMT}	INFO	[jepsen worker 0] jepsen.util: 0	:invoke	:echo	"Please echo 89"
2026-02-25 10:53:27,970{GMT}	INFO	[jepsen worker 0] jepsen.util: 0	:ok	:echo	{:echo "Please echo 89", :in_reply_to 37, :msg_id 37, :type "echo_ok"}
2026-02-25 10:53:28,139{GMT}	INFO	[jepsen worker 0] jepsen.util: 0	:invoke	:echo	"Please echo 21"
2026-02-25 10:53:28,140{GMT}	INFO	[jepsen worker 0] jepsen.util: 0	:ok	:echo	{:echo "Please echo 21", :in_reply_to 38, :msg_id 38, :type "echo_ok"}
2026-02-25 10:53:28,497{GMT}	INFO	[jepsen worker 0] jepsen.util: 0	:invoke	:echo	"Please echo 112"
2026-02-25 10:53:28,499{GMT}	INFO	[jepsen worker 0] jepsen.util: 0	:ok	:echo	{:echo "Please echo 112", :in_reply_to 39, :msg_id 39, :type "echo_ok"}
2026-02-25 10:53:28,701{GMT}	INFO	[jepsen worker 0] jepsen.util: 0	:invoke	:echo	"Please echo 49"
2026-02-25 10:53:28,703{GMT}	INFO	[jepsen worker 0] jepsen.util: 0	:ok	:echo	{:echo "Please echo 49", :in_reply_to 40, :msg_id 40, :type "echo_ok"}
2026-02-25 10:53:28,946{GMT}	INFO	[jepsen worker 0] jepsen.util: 0	:invoke	:echo	"Please echo 63"
2026-02-25 10:53:28,949{GMT}	INFO	[jepsen worker 0] jepsen.util: 0	:ok	:echo	{:echo "Please echo 63", :in_reply_to 41, :msg_id 41, :type "echo_ok"}
2026-02-25 10:53:29,239{GMT}	INFO	[jepsen worker 0] jepsen.util: 0	:invoke	:echo	"Please echo 48"
2026-02-25 10:53:29,242{GMT}	INFO	[jepsen worker 0] jepsen.util: 0	:ok	:echo	{:echo "Please echo 48", :in_reply_to 42, :msg_id 42, :type "echo_ok"}
2026-02-25 10:53:29,445{GMT}	INFO	[jepsen worker 0] jepsen.util: 0	:invoke	:echo	"Please echo 37"
2026-02-25 10:53:29,447{GMT}	INFO	[jepsen worker 0] jepsen.util: 0	:ok	:echo	{:echo "Please echo 37", :in_reply_to 43, :msg_id 43, :type "echo_ok"}
2026-02-25 10:53:29,740{GMT}	INFO	[jepsen worker 0] jepsen.util: 0	:invoke	:echo	"Please echo 106"
2026-02-25 10:53:29,742{GMT}	INFO	[jepsen worker 0] jepsen.util: 0	:ok	:echo	{:echo "Please echo 106", :in_reply_to 44, :msg_id 44, :type "echo_ok"}
2026-02-25 10:53:29,759{GMT}	INFO	[jepsen worker 0] jepsen.util: 0	:invoke	:echo	"Please echo 119"
2026-02-25 10:53:29,761{GMT}	INFO	[jepsen worker 0] jepsen.util: 0	:ok	:echo	{:echo "Please echo 119", :in_reply_to 45, :msg_id 45, :type "echo_ok"}
2026-02-25 10:53:29,866{GMT}	INFO	[jepsen worker 0] jepsen.util: 0	:invoke	:echo	"Please echo 95"
2026-02-25 10:53:29,868{GMT}	INFO	[jepsen worker 0] jepsen.util: 0	:ok	:echo	{:echo "Please echo 95", :in_reply_to 46, :msg_id 46, :type "echo_ok"}
2026-02-25 10:53:30,035{GMT}	INFO	[jepsen worker 0] jepsen.util: 0	:invoke	:echo	"Please echo 12"
2026-02-25 10:53:30,038{GMT}	INFO	[jepsen worker 0] jepsen.util: 0	:ok	:echo	{:echo "Please echo 12", :in_reply_to 47, :msg_id 47, :type "echo_ok"}
2026-02-25 10:53:30,393{GMT}	INFO	[jepsen worker 0] jepsen.util: 0	:invoke	:echo	"Please echo 18"
2026-02-25 10:53:30,395{GMT}	INFO	[jepsen worker 0] jepsen.util: 0	:ok	:echo	{:echo "Please echo 18", :in_reply_to 48, :msg_id 48, :type "echo_ok"}
2026-02-25 10:53:30,438{GMT}	INFO	[jepsen worker 0] jepsen.util: 0	:invoke	:echo	"Please echo 29"
2026-02-25 10:53:30,440{GMT}	INFO	[jepsen worker 0] jepsen.util: 0	:ok	:echo	{:echo "Please echo 29", :in_reply_to 49, :msg_id 49, :type "echo_ok"}
2026-02-25 10:53:30,616{GMT}	INFO	[jepsen worker 0] jepsen.util: 0	:invoke	:echo	"Please echo 116"
2026-02-25 10:53:30,618{GMT}	INFO	[jepsen worker 0] jepsen.util: 0	:ok	:echo	{:echo "Please echo 116", :in_reply_to 50, :msg_id 50, :type "echo_ok"}
2026-02-25 10:53:30,768{GMT}	INFO	[jepsen worker 0] jepsen.util: 0	:invoke	:echo	"Please echo 98"
2026-02-25 10:53:30,770{GMT}	INFO	[jepsen worker 0] jepsen.util: 0	:ok	:echo	{:echo "Please echo 98", :in_reply_to 51, :msg_id 51, :type "echo_ok"}
2026-02-25 10:53:30,772{GMT}	INFO	[jepsen worker 0] jepsen.util: 0	:invoke	:echo	"Please echo 110"
2026-02-25 10:53:30,773{GMT}	INFO	[jepsen worker 0] jepsen.util: 0	:ok	:echo	{:echo "Please echo 110", :in_reply_to 52, :msg_id 52, :type "echo_ok"}
2026-02-25 10:53:31,008{GMT}	INFO	[jepsen worker 0] jepsen.util: 0	:invoke	:echo	"Please echo 82"
2026-02-25 10:53:31,009{GMT}	INFO	[jepsen worker 0] jepsen.util: 0	:ok	:echo	{:echo "Please echo 82", :in_reply_to 53, :msg_id 53, :type "echo_ok"}
2026-02-25 10:53:31,208{GMT}	INFO	[jepsen worker 0] jepsen.util: 0	:invoke	:echo	"Please echo 87"
2026-02-25 10:53:31,211{GMT}	INFO	[jepsen worker 0] jepsen.util: 0	:ok	:echo	{:echo "Please echo 87", :in_reply_to 54, :msg_id 54, :type "echo_ok"}
2026-02-25 10:53:31,314{GMT}	INFO	[jepsen worker 0] jepsen.util: 0	:invoke	:echo	"Please echo 20"
2026-02-25 10:53:31,315{GMT}	INFO	[jepsen worker 0] jepsen.util: 0	:ok	:echo	{:echo "Please echo 20", :in_reply_to 55, :msg_id 55, :type "echo_ok"}
2026-02-25 10:53:31,329{GMT}	INFO	[jepsen worker 0] jepsen.util: 0	:invoke	:echo	"Please echo 73"
2026-02-25 10:53:31,330{GMT}	INFO	[jepsen worker 0] jepsen.util: 0	:ok	:echo	{:echo "Please echo 73", :in_reply_to 56, :msg_id 56, :type "echo_ok"}
2026-02-25 10:53:31,707{GMT}	INFO	[jepsen worker 0] jepsen.util: 0	:invoke	:echo	"Please echo 23"
2026-02-25 10:53:31,709{GMT}	INFO	[jepsen worker 0] jepsen.util: 0	:ok	:echo	{:echo "Please echo 23", :in_reply_to 57, :msg_id 57, :type "echo_ok"}
2026-02-25 10:53:31,925{GMT}	INFO	[jepsen worker 0] jepsen.util: 0	:invoke	:echo	"Please echo 43"
2026-02-25 10:53:31,925{GMT}	INFO	[jepsen worker 0] jepsen.util: 0	:ok	:echo	{:echo "Please echo 43", :in_reply_to 58, :msg_id 58, :type "echo_ok"}
2026-02-25 10:53:31,967{GMT}	INFO	[jepsen worker 0] jepsen.util: 0	:invoke	:echo	"Please echo 117"
2026-02-25 10:53:31,968{GMT}	INFO	[jepsen worker 0] jepsen.util: 0	:ok	:echo	{:echo "Please echo 117", :in_reply_to 59, :msg_id 59, :type "echo_ok"}
2026-02-25 10:53:32,008{GMT}	INFO	[jepsen worker 0] jepsen.util: 0	:invoke	:echo	"Please echo 70"
2026-02-25 10:53:32,008{GMT}	INFO	[jepsen worker 0] jepsen.util: 0	:ok	:echo	{:echo "Please echo 70", :in_reply_to 60, :msg_id 60, :type "echo_ok"}
2026-02-25 10:53:32,018{GMT}	INFO	[jepsen test runner] jepsen.core: Run complete, writing
2026-02-25 10:53:32,036{GMT}	INFO	[jepsen node n0] maelstrom.db: Tearing down n0
2026-02-25 10:53:33,034{GMT}	INFO	[jepsen node n0] maelstrom.net: Shutting down Maelstrom network
2026-02-25 10:53:33,036{GMT}	INFO	[jepsen test runner] jepsen.core: Analyzing...
2026-02-25 10:53:33,214{GMT}	INFO	[jepsen test runner] jepsen.core: Analysis complete
2026-02-25 10:53:33,219{GMT}	INFO	[jepsen results] jepsen.store: Wrote /Users/huannguyen/Documents/school/flyio-challenges/maelstrom/store/echo/20260225T105321.389+0700/results.edn
2026-02-25 10:53:33,240{GMT}	INFO	[jepsen test runner] jepsen.core: {:perf {:latency-graph {:valid? true},
        :rate-graph {:valid? true},
        :valid? true},
 :timeline {:valid? true},
 :exceptions {:valid? true},
 :stats {:valid? true,
         :count 60,
         :ok-count 60,
         :fail-count 0,
         :info-count 0,
         :by-f {:echo {:valid? true,
                       :count 60,
                       :ok-count 60,
                       :fail-count 0,
                       :info-count 0}}},
 :availability {:valid? true, :ok-fraction 1.0},
 :net {:all {:send-count 122,
             :recv-count 122,
             :msg-count 122,
             :msgs-per-op 2.0333333},
       :clients {:send-count 122, :recv-count 122, :msg-count 122},
       :servers {:send-count 0,
                 :recv-count 0,
                 :msg-count 0,
                 :msgs-per-op 0.0},
       :valid? true},
 :workload {:valid? true, :errors ()},
 :valid? true}


Everything looks good! ヽ(‘ー`)ノ
