2026-02-25 11:34:28,193{GMT}	INFO	[jepsen test runner] jepsen.core: Test version 19fb75c673b8946d321efe42351b61335d01ff5c (plus uncommitted changes)
2026-02-25 11:34:28,193{GMT}	INFO	[jepsen test runner] jepsen.core: Command line:
lein run test -w unique-ids --bin /Users/huannguyen/go/bin/maelstrom-unique-ids --time-limit 30 --rate 1000 --node-count 3 --availability total --nemesis partition
2026-02-25 11:34:28,218{GMT}	INFO	[jepsen test runner] jepsen.core: Running test:
{:args []
 :remote
 #jepsen.control.retry.Remote{:remote #jepsen.control.scp.Remote{:cmd-remote #jepsen.control.sshj.SSHJRemote{:concurrency-limit 6,
                                                                                                             :conn-spec nil,
                                                                                                             :client nil,
                                                                                                             :semaphore nil},
                                                                 :conn-spec nil},
                              :conn nil}
 :log-net-send false
 :node-count 3
 :availability :total
 :max-txn-length 4
 :concurrency 3
 :db
 #object[maelstrom.db$db$reify__16142
         "0x7e17e827"
         "maelstrom.db$db$reify__16142@7e17e827"]
 :max-writes-per-key 16
 :leave-db-running? false
 :name "unique-ids"
 :logging-json? false
 :start-time
 #object[org.joda.time.DateTime "0xc9a18ed" "2026-02-25T11:34:28.158+07:00"]
 :nemesis-interval 10
 :net
 #object[maelstrom.net$jepsen_net$reify__15251
         "0x759c8393"
         "maelstrom.net$jepsen_net$reify__15251@759c8393"]
 :client
 #object[maelstrom.workload.unique_ids$client$reify__20074
         "0x5bcda4a6"
         "maelstrom.workload.unique_ids$client$reify__20074@5bcda4a6"]
 :barrier
 #object[java.util.concurrent.CyclicBarrier
         "0x7a5c502b"
         "java.util.concurrent.CyclicBarrier@7a5c502b"]
 :log-stderr false
 :pure-generators true
 :ssh {:dummy? true}
 :rate 1000.0
 :checker
 #object[jepsen.checker$compose$reify__11881
         "0x265d72fd"
         "jepsen.checker$compose$reify__11881@265d72fd"]
 :argv
 ("test"
  "-w"
  "unique-ids"
  "--bin"
  "/Users/huannguyen/go/bin/maelstrom-unique-ids"
  "--time-limit"
  "30"
  "--rate"
  "1000"
  "--node-count"
  "3"
  "--availability"
  "total"
  "--nemesis"
  "partition")
 :nemesis
 (jepsen.nemesis.ReflCompose
  {:fm {:start-partition 0,
        :stop-partition 0,
        :kill 1,
        :start 1,
        :pause 1,
        :resume 1},
   :nemeses [#unprintable "jepsen.nemesis.combined$partition_nemesis$reify__16416@37ccedbe"
             #unprintable "jepsen.nemesis.combined$db_nemesis$reify__16397@1129775"]})
 :nodes ["n0" "n1" "n2"]
 :test-count 1
 :latency {:mean 0, :dist :constant}
 :bin "/Users/huannguyen/go/bin/maelstrom-unique-ids"
 :generator
 (jepsen.generator.TimeLimit
  {:limit 30000000000,
   :cutoff nil,
   :gen (jepsen.generator.Any
         {:gens [(jepsen.generator.OnThreads
                  {:f #{:nemesis},
                   :context-filter #object[jepsen.generator.context$make_thread_filter$lazy_filter__9167
                                           "0x7934164c"
                                           "jepsen.generator.context$make_thread_filter$lazy_filter__9167@7934164c"],
                   :gen (jepsen.generator.Stagger
                         {:dt 20000000000,
                          :next-time nil,
                          :gen (jepsen.generator.FlipFlop
                                {:gens [#object[jepsen.nemesis.combined$partition_package$start__16420
                                                "0x93a793a"
                                                "jepsen.nemesis.combined$partition_package$start__16420@93a793a"]
                                        ({:type :info,
                                          :f :stop-partition,
                                          :value nil}
                                         {:type :info,
                                          :f :stop-partition,
                                          :value nil}
                                         {:type :info,
                                          :f :stop-partition,
                                          :value nil}
                                         {:type :info,
                                          :f :stop-partition,
                                          :value nil}
                                         {:type :info,
                                          :f :stop-partition,
                                          :value nil}
                                         {:type :info,
                                          :f :stop-partition,
                                          :value nil}
                                         {:type :info,
                                          :f :stop-partition,
                                          :value nil}
                                         {:type :info,
                                          :f :stop-partition,
                                          :value nil}
                                         ...)],
                                 :i 0})})})
                 (jepsen.generator.OnThreads
                  {:f #jepsen.generator.context.AllBut{:element :nemesis},
                   :context-filter #object[jepsen.generator.context$make_thread_filter$lazy_filter__9167
                                           "0x69cb296c"
                                           "jepsen.generator.context$make_thread_filter$lazy_filter__9167@69cb296c"],
                   :gen (jepsen.generator.Stagger
                         {:dt 2000000,
                          :next-time nil,
                          :gen (jepsen.generator.Repeat
                                {:remaining -1, :gen {:f :generate}})})})]})})
 :log-net-recv false
 :os
 #object[maelstrom.net$jepsen_os$reify__15254
         "0x3014c46f"
         "maelstrom.net$jepsen_os$reify__15254@3014c46f"]
 :time-limit 30
 :workload :unique-ids
 :consistency-models [:strict-serializable]
 :topology :grid}

2026-02-25 11:34:28,782{GMT}	INFO	[jepsen node n0] maelstrom.net: Starting Maelstrom network
2026-02-25 11:34:28,782{GMT}	INFO	[jepsen test runner] jepsen.db: Tearing down DB
2026-02-25 11:34:28,783{GMT}	INFO	[jepsen test runner] jepsen.db: Setting up DB
2026-02-25 11:34:28,783{GMT}	INFO	[jepsen node n2] maelstrom.db: Setting up n2
2026-02-25 11:34:28,783{GMT}	INFO	[jepsen node n1] maelstrom.db: Setting up n1
2026-02-25 11:34:28,783{GMT}	INFO	[jepsen node n2] maelstrom.process: launching /Users/huannguyen/go/bin/maelstrom-unique-ids []
2026-02-25 11:34:28,783{GMT}	INFO	[jepsen node n1] maelstrom.process: launching /Users/huannguyen/go/bin/maelstrom-unique-ids []
2026-02-25 11:34:28,784{GMT}	INFO	[jepsen node n0] maelstrom.service: Starting services: (lin-kv lin-tso lww-kv seq-kv)
2026-02-25 11:34:28,784{GMT}	INFO	[jepsen node n0] maelstrom.db: Setting up n0
2026-02-25 11:34:28,784{GMT}	INFO	[jepsen node n0] maelstrom.process: launching /Users/huannguyen/go/bin/maelstrom-unique-ids []
2026-02-25 11:34:29,790{GMT}	INFO	[jepsen node n0] maelstrom.net: Shutting down Maelstrom network
2026-02-25 11:34:29,793{GMT}	WARN	[jepsen test runner] jepsen.core: Test crashed!
java.io.IOException: Cannot run program "/Users/huannguyen/go/bin/maelstrom-unique-ids" (in directory "/var/folders/7v/8lsv1mtx4kn9nrpxgykf9sb80000gn/T"): Exec failed, error: 2 (No such file or directory) 
	at java.base/java.lang.ProcessBuilder.start(ProcessBuilder.java:1112)
	at java.base/java.lang.ProcessBuilder.start(ProcessBuilder.java:1046)
	at maelstrom.process$start_node_BANG_.invokeStatic(process.clj:199)
	at maelstrom.process$start_node_BANG_.invoke(process.clj:168)
	at maelstrom.db$db$reify__16142.setup_BANG_(db.clj:34)
	at jepsen.db$fn__8729$G__8723__8733.invoke(db.clj:12)
	at jepsen.db$fn__8729$G__8722__8738.invoke(db.clj:12)
	at clojure.core$partial$fn__5908.invoke(core.clj:2642)
	at jepsen.control$on_nodes$fn__8599.invoke(control.clj:314)
	at clojure.lang.AFn.applyToHelper(AFn.java:154)
	at clojure.lang.AFn.applyTo(AFn.java:144)
	at clojure.core$apply.invokeStatic(core.clj:667)
	at clojure.core$with_bindings_STAR_.invokeStatic(core.clj:1990)
	at clojure.core$with_bindings_STAR_.doInvoke(core.clj:1990)
	at clojure.lang.RestFn.applyTo(RestFn.java:142)
	at clojure.core$apply.invokeStatic(core.clj:671)
	at clojure.core$bound_fn_STAR_$fn__5818.doInvoke(core.clj:2020)
	at clojure.lang.RestFn.invoke(RestFn.java:408)
	at dom_top.core$real_pmap_helper$build_thread__211$fn__212.invoke(core.clj:163)
	at clojure.lang.AFn.applyToHelper(AFn.java:152)
	at clojure.lang.AFn.applyTo(AFn.java:144)
	at clojure.core$apply.invokeStatic(core.clj:667)
	at clojure.core$with_bindings_STAR_.invokeStatic(core.clj:1990)
	at clojure.core$with_bindings_STAR_.doInvoke(core.clj:1990)
	at clojure.lang.RestFn.invoke(RestFn.java:425)
	at clojure.lang.AFn.applyToHelper(AFn.java:156)
	at clojure.lang.RestFn.applyTo(RestFn.java:132)
	at clojure.core$apply.invokeStatic(core.clj:671)
	at clojure.core$bound_fn_STAR_$fn__5818.doInvoke(core.clj:2020)
	at clojure.lang.RestFn.invoke(RestFn.java:397)
	at clojure.lang.AFn.run(AFn.java:22)
	at java.base/java.lang.Thread.run(Thread.java:1474)
Caused by: java.io.IOException: Exec failed, error: 2 (No such file or directory) 
	at java.base/java.lang.ProcessImpl.forkAndExec(Native Method)
	at java.base/java.lang.ProcessImpl.<init>(ProcessImpl.java:300)
	at java.base/java.lang.ProcessImpl.start(ProcessImpl.java:231)
	at java.base/java.lang.ProcessBuilder.start(ProcessBuilder.java:1078)
	... 31 common frames omitted
